2017-09-02 02:10:43,652 [INFO ]  (DsFactory.java.<init>:81) - db_act
2017-09-02 02:10:43,659 [INFO ]  (DsProperties.java.<init>:48) - conf/db/
2017-09-02 02:10:43,660 [INFO ]  (DsProperties.java.<init>:50) - conf/db/db_act
2017-09-02 02:10:43,662 [INFO ]  (DsProperties.java.<init>:56) - [配置文件读取] = conf/db/db_act.properties
2017-09-02 02:10:43,664 [INFO ]  (DsProperties.java.<init>:70) - 
------------------------
DataSourceName = 
driverClassName = null
jdbcUrl = null
dbName = null
pwd = null
------------------------
2017-09-02 02:14:20,142 [INFO ]  (DsFactory.java.<init>:81) - db_act
2017-09-02 02:14:20,145 [INFO ]  (DsProperties.java.<init>:48) - conf/db/
2017-09-02 02:14:20,145 [INFO ]  (DsProperties.java.<init>:50) - conf/db/db_act
2017-09-02 02:14:20,146 [INFO ]  (DsProperties.java.<init>:56) - [配置文件读取] = conf/db/db_act.properties
2017-09-02 02:14:20,147 [INFO ]  (DsProperties.java.<init>:70) - 
------------------------
DataSourceName = 
driverClassName = null
jdbcUrl = null
dbName = null
pwd = null
------------------------
2017-09-02 15:05:15,651 [INFO ]  (DsProperties.java.<init>:48) - conf/db/
2017-09-02 15:05:15,654 [INFO ]  (DsProperties.java.<init>:50) - conf/db/db
2017-09-02 15:05:15,657 [INFO ]  (DsProperties.java.<init>:56) - [配置文件读取] = conf/db/db.properties
2017-09-02 15:05:15,658 [INFO ]  (DsProperties.java.<init>:70) - 
------------------------
DataSourceName = HikariCp
driverClassName = oracle.jdbc.driver.OracleDriver
jdbcUrl = jdbc:oracle:thin:@localhost:1521:orcl
dbName = tt
pwd = tt
------------------------
2017-09-02 15:15:02,004 [INFO ]  (DsProperties.java.<init>:48) - conf/db/
2017-09-02 15:15:02,007 [INFO ]  (DsProperties.java.<init>:50) - conf/db/db
2017-09-02 15:15:02,008 [INFO ]  (DsProperties.java.<init>:56) - [配置文件读取] = conf/db/db.properties
2017-09-02 15:15:02,009 [INFO ]  (DsProperties.java.<init>:70) - 
------------------------
DataSourceName = HikariCp
driverClassName = oracle.jdbc.driver.OracleDriver
jdbcUrl = jdbc:oracle:thin:@localhost:1521:orcl
dbName = tt
pwd = tt
------------------------
2017-09-02 15:48:58,259 [INFO ]  (DsFactory.java.<init>:48) - db
2017-09-02 15:48:58,261 [INFO ]  (DsProperties.java.<init>:48) - conf/db/
2017-09-02 15:48:58,261 [INFO ]  (DsProperties.java.<init>:50) - conf/db/db
2017-09-02 15:48:58,262 [INFO ]  (DsProperties.java.<init>:56) - [配置文件读取] = conf/db/db.properties
2017-09-02 15:48:58,263 [INFO ]  (DsProperties.java.<init>:70) - 
------------------------
DataSourceName = HikariCp
driverClassName = oracle.jdbc.driver.OracleDriver
jdbcUrl = jdbc:oracle:thin:@localhost:1521:orcl
dbName = tt
pwd = tt
------------------------
2017-09-02 15:48:58,263 [INFO ]  (DsFactory.java.<init>:51) - HikariCp
2017-09-02 15:48:58,339 [INFO ]  (Oracle.java.getTable:182) - 
2017-09-02 15:48:58,693 [INFO ]  (Oracle.java.getTable:198) - tableName = OA_LEAVE
2017-09-02 15:48:58,694 [INFO ]  (Oracle.java.getColumns:58) - 
2017-09-02 15:48:58,718 [INFO ]  (Oracle.java.getPk:125) - 
2017-09-02 15:54:18,732 [INFO ]  (DsFactory.java.<init>:48) - db
2017-09-02 15:54:18,734 [INFO ]  (DsProperties.java.<init>:48) - conf/db/
2017-09-02 15:54:18,734 [INFO ]  (DsProperties.java.<init>:50) - conf/db/db
2017-09-02 15:54:18,736 [INFO ]  (DsProperties.java.<init>:56) - [配置文件读取] = conf/db/db.properties
2017-09-02 15:54:18,736 [INFO ]  (DsProperties.java.<init>:70) - 
------------------------
DataSourceName = HikariCp------------------------

driverClassName = oracle.jdbc.driver.OracleDriver
jdbcUrl = jdbc:oracle:thin:@localhost:1521:orcl
dbName = tt
pwd = tt
------------------------
2017-09-02 15:54:18,736 [INFO ]  (DsFactory.java.<init>:51) - HikariCp
2017-09-02 15:54:18,815 [INFO ]  (Oracle.java.getTable:182) - 
2017-09-02 15:54:19,098 [INFO ]  (Oracle.java.getTable:196) - tableName = OA_LEAVE
2017-09-02 15:54:19,098 [INFO ]  (Oracle.java.getColumns:58) - 
2017-09-02 15:54:19,118 [INFO ]  (Oracle.java.getPk:125) - 
2017-09-02 15:54:37,450 [INFO ]  (DsFactory.java.<init>:48) - db
2017-09-02 15:54:37,452 [INFO ]  (DsProperties.java.<init>:48) - conf/db/
2017-09-02 15:54:37,452 [INFO ]  (DsProperties.java.<init>:50) - conf/db/db
2017-09-02 15:54:37,454 [INFO ]  (DsProperties.java.<init>:56) - [配置文件读取] = conf/db/db.properties
2017-09-02 15:54:37,454 [INFO ]  (DsProperties.java.<init>:70) - 
------------------------
DataSourceName = HikariCp
------------------------

driverClassName = oracle.jdbc.driver.OracleDriver
jdbcUrl = jdbc:oracle:thin:@localhost:1521:orcl
dbName = tt
pwd = tt
------------------------
2017-09-02 15:54:37,454 [INFO ]  (DsFactory.java.<init>:51) - HikariCp
2017-09-02 15:54:37,531 [INFO ]  (Oracle.java.getTable:182) - 
2017-09-02 15:54:37,824 [INFO ]  (Oracle.java.getTable:196) - tableName = OA_LEAVE
2017-09-02 15:54:37,824 [INFO ]  (Oracle.java.getColumns:58) - 
2017-09-02 15:54:37,848 [INFO ]  (Oracle.java.getPk:125) - 
2017-09-02 15:55:13,677 [INFO ]  (DsFactory.java.<init>:48) - db
2017-09-02 15:55:13,682 [INFO ]  (DsProperties.java.<init>:48) - conf/db/
2017-09-02 15:55:13,682 [INFO ]  (DsProperties.java.<init>:50) - conf/db/db
2017-09-02 15:55:13,685 [INFO ]  (DsProperties.java.<init>:56) - [配置文件读取] = conf/db/db.properties
2017-09-02 15:55:13,685 [INFO ]  (DsProperties.java.<init>:70) - 
------------------------
DataSourceName = HikariCp
------------------------
driverClassName = oracle.jdbc.driver.OracleDriver
jdbcUrl = jdbc:oracle:thin:@localhost:1521:orcl
dbName = tt
pwd = tt
------------------------
2017-09-02 15:55:13,685 [INFO ]  (DsFactory.java.<init>:51) - HikariCp
2017-09-02 15:55:13,766 [INFO ]  (Oracle.java.getTable:182) - 
2017-09-02 15:55:14,064 [INFO ]  (Oracle.java.getTable:196) - tableName = OA_LEAVE
2017-09-02 15:55:14,064 [INFO ]  (Oracle.java.getColumns:58) - 
2017-09-02 15:55:14,090 [INFO ]  (Oracle.java.getPk:125) - 
2017-09-02 15:56:13,796 [INFO ]  (DsFactory.java.<init>:48) - db
2017-09-02 15:56:13,798 [INFO ]  (DsProperties.java.<init>:48) - conf/db/
2017-09-02 15:56:13,798 [INFO ]  (DsProperties.java.<init>:50) - conf/db/db
2017-09-02 15:56:13,799 [INFO ]  (DsProperties.java.<init>:56) - [配置文件读取] = conf/db/db.properties
2017-09-02 15:56:13,799 [INFO ]  (DsProperties.java.<init>:70) - 
------------------------
DataSourceName = HikariCp
------------------------
driverClassName = oracle.jdbc.driver.OracleDriver
jdbcUrl = jdbc:oracle:thin:@localhost:1521:orcl
dbName = tt
pwd = tt
------------------------
2017-09-02 15:56:13,799 [INFO ]  (DsFactory.java.<init>:51) - HikariCp
2017-09-02 15:56:13,877 [INFO ]  (Oracle.java.getTable:182) - 
2017-09-02 15:56:14,241 [INFO ]  (Oracle.java.getTable:196) - tableName = OA_LEAVE
2017-09-02 15:56:14,242 [INFO ]  (Oracle.java.getColumns:58) - 
2017-09-02 15:56:14,267 [INFO ]  (Oracle.java.getPk:125) - 
2017-09-02 15:58:20,719 [INFO ]  (DsFactory.java.<init>:48) - db
2017-09-02 15:58:20,721 [INFO ]  (DsProperties.java.<init>:48) - conf/db/
2017-09-02 15:58:20,721 [INFO ]  (DsProperties.java.<init>:50) - conf/db/db
2017-09-02 15:58:20,722 [INFO ]  (DsProperties.java.<init>:56) - [配置文件读取] = conf/db/db.properties
2017-09-02 15:58:20,723 [INFO ]  (DsProperties.java.<init>:70) - 
------------------------
DataSourceName = HikariCp
------------------------
driverClassName = oracle.jdbc.driver.OracleDriver
jdbcUrl = jdbc:oracle:thin:@localhost:1521:orcl
dbName = tt
pwd = tt
------------------------
2017-09-02 15:58:20,723 [INFO ]  (DsFactory.java.<init>:51) - HikariCp
2017-09-02 15:58:21,120 [INFO ]  (Oracle.java.getTable:192) - tableName = OA_LEAVE
2017-09-02 15:58:46,080 [INFO ]  (DsFactory.java.<init>:48) - db
2017-09-02 15:58:46,083 [INFO ]  (DsProperties.java.<init>:48) - conf/db/
2017-09-02 15:58:46,083 [INFO ]  (DsProperties.java.<init>:50) - conf/db/db
2017-09-02 15:58:46,085 [INFO ]  (DsProperties.java.<init>:56) - [配置文件读取] = conf/db/db.properties
2017-09-02 15:58:46,085 [INFO ]  (DsProperties.java.<init>:70) - 
------------------------
DataSourceName = HikariCp
------------------------
driverClassName = oracle.jdbc.driver.OracleDriver
jdbcUrl = jdbc:oracle:thin:@localhost:1521:orcl
dbName = tt
pwd = tt
------------------------
2017-09-02 15:58:46,085 [INFO ]  (DsFactory.java.<init>:51) - HikariCp
2017-09-02 15:58:46,456 [INFO ]  (Oracle.java.getTable:192) - tableName = OA_LEAVE
2017-09-02 16:04:39,946 [INFO ]  (DsFactory.java.<init>:48) - db
2017-09-02 16:04:39,948 [INFO ]  (DsProperties.java.<init>:48) - conf/db/
2017-09-02 16:04:39,949 [INFO ]  (DsProperties.java.<init>:50) - conf/db/db
2017-09-02 16:04:39,950 [INFO ]  (DsProperties.java.<init>:56) - [配置文件读取] = conf/db/db.properties
2017-09-02 16:04:39,950 [INFO ]  (DsProperties.java.<init>:70) - 
------------------------
DataSourceName = HikariCp
------------------------
driverClassName = oracle.jdbc.driver.OracleDriver
jdbcUrl = jdbc:oracle:thin:@localhost:1521:orcl
dbName = tt
pwd = tt
------------------------
2017-09-02 16:04:39,950 [INFO ]  (DsFactory.java.<init>:51) - HikariCp
2017-09-02 16:04:39,951 [INFO ]  (DsFactory_HikariCp.java.getDataSource:40) - **	Read db.properties info ... 
2017-09-02 16:04:39,951 [INFO ]  (DsFactory_HikariCp.java.getDataSource:41) - **	Database connect start ...DS_NAME=[HikariCp]
2017-09-02 16:04:40,349 [INFO ]  (Oracle.java.getTable:192) - tableName = OA_LEAVE
2017-09-02 16:20:53,042 [INFO ]  (DsFactory.java.<init>:48) - db
2017-09-02 16:20:53,045 [INFO ]  (DsProperties.java.<init>:48) - conf/db/
2017-09-02 16:20:53,045 [INFO ]  (DsProperties.java.<init>:50) - conf/db/db
2017-09-02 16:20:53,046 [INFO ]  (DsProperties.java.<init>:56) - [配置文件读取] = conf/db/db.properties
2017-09-02 16:20:53,047 [INFO ]  (DsProperties.java.<init>:70) - 
------------------------
DataSourceName = HikariCp
------------------------
driverClassName = oracle.jdbc.driver.OracleDriver
jdbcUrl = jdbc:oracle:thin:@localhost:1521:orcl
dbName = tt
pwd = tt
------------------------
2017-09-02 16:20:53,047 [INFO ]  (DsFactory.java.<init>:51) - HikariCp
2017-09-02 16:20:53,047 [INFO ]  (DsFactory_HikariCp.java.getDataSource:40) - **	Read db.properties info ... 
2017-09-02 16:20:53,555 [INFO ]  (Oracle.java.getTables:152) - rs.getString(TABLE_NAME) = CLOB_TAB
2017-09-02 16:20:53,555 [INFO ]  (Oracle.java.getTables:152) - rs.getString(TABLE_NAME) = ORG_RESOURCE
2017-09-02 16:20:53,555 [INFO ]  (Oracle.java.getTables:152) - rs.getString(TABLE_NAME) = ORG_ROLE
2017-09-02 16:20:53,555 [INFO ]  (Oracle.java.getTables:152) - rs.getString(TABLE_NAME) = ORG_ROLE_RESOURCE_REL
2017-09-02 16:20:53,555 [INFO ]  (Oracle.java.getTables:152) - rs.getString(TABLE_NAME) = ORG_USER
2017-09-02 16:20:53,555 [INFO ]  (Oracle.java.getTables:152) - rs.getString(TABLE_NAME) = ORG_USER_ROLE_REL
2017-09-02 16:20:53,556 [INFO ]  (Oracle.java.getTables:152) - rs.getString(TABLE_NAME) = TEST01
2017-09-02 16:20:53,556 [INFO ]  (Oracle.java.getTables:152) - rs.getString(TABLE_NAME) = TEST02
2017-09-02 16:20:53,556 [INFO ]  (Oracle.java.getTables:152) - rs.getString(TABLE_NAME) = TEST08
2017-09-02 16:20:53,557 [INFO ]  (Oracle.java.getTables:152) - rs.getString(TABLE_NAME) = ZY
2017-09-02 16:20:53,569 [INFO ]  (Oracle.java.getTable:193) - tableName = OA_LEAVE
2017-09-02 16:21:45,288 [INFO ]  (DsFactory.java.<init>:48) - db
2017-09-02 16:21:45,291 [INFO ]  (DsProperties.java.<init>:48) - conf/db/
2017-09-02 16:21:45,291 [INFO ]  (DsProperties.java.<init>:50) - conf/db/db
2017-09-02 16:21:45,292 [INFO ]  (DsProperties.java.<init>:56) - [配置文件读取] = conf/db/db.properties
2017-09-02 16:21:45,292 [INFO ]  (DsProperties.java.<init>:70) - 
------------------------
DataSourceName = HikariCp
------------------------
driverClassName = oracle.jdbc.driver.OracleDriver
jdbcUrl = jdbc:oracle:thin:@localhost:1521:orcl
dbName = tt
pwd = tt
------------------------
2017-09-02 16:21:45,292 [INFO ]  (DsFactory.java.<init>:51) - HikariCp
2017-09-02 16:21:45,293 [INFO ]  (DsFactory_HikariCp.java.getDataSource:40) - **	Read db.properties info ... 
2017-09-02 16:21:45,841 [INFO ]  (Oracle.java.getTables:152) - rs.getString(TABLE_NAME) = CLOB_TAB
2017-09-02 16:21:45,841 [INFO ]  (Oracle.java.getTables:152) - rs.getString(TABLE_NAME) = ORG_RESOURCE
2017-09-02 16:21:45,841 [INFO ]  (Oracle.java.getTables:152) - rs.getString(TABLE_NAME) = ORG_ROLE
2017-09-02 16:21:45,841 [INFO ]  (Oracle.java.getTables:152) - rs.getString(TABLE_NAME) = ORG_ROLE_RESOURCE_REL
2017-09-02 16:21:45,841 [INFO ]  (Oracle.java.getTables:152) - rs.getString(TABLE_NAME) = ORG_USER
2017-09-02 16:21:45,841 [INFO ]  (Oracle.java.getTables:152) - rs.getString(TABLE_NAME) = ORG_USER_ROLE_REL
2017-09-02 16:21:45,842 [INFO ]  (Oracle.java.getTables:152) - rs.getString(TABLE_NAME) = TEST01
2017-09-02 16:21:45,842 [INFO ]  (Oracle.java.getTables:152) - rs.getString(TABLE_NAME) = TEST02
2017-09-02 16:21:45,842 [INFO ]  (Oracle.java.getTables:152) - rs.getString(TABLE_NAME) = TEST08
2017-09-02 16:21:45,843 [INFO ]  (Oracle.java.getTables:152) - rs.getString(TABLE_NAME) = ZY
2017-09-02 16:21:45,919 [INFO ]  (Oracle.java.getTable:193) - tableName = OA_LEAVE1
2017-09-02 16:25:16,392 [INFO ]  (DsFactory.java.<init>:48) - db
2017-09-02 16:25:16,394 [INFO ]  (DsProperties.java.<init>:48) - conf/db/
2017-09-02 16:25:16,394 [INFO ]  (DsProperties.java.<init>:50) - conf/db/db
2017-09-02 16:25:16,396 [INFO ]  (DsProperties.java.<init>:56) - [配置文件读取] = conf/db/db.properties
2017-09-02 16:25:16,396 [INFO ]  (DsProperties.java.<init>:70) - 
------------------------
DataSourceName = HikariCp
------------------------
driverClassName = oracle.jdbc.driver.OracleDriver
jdbcUrl = jdbc:oracle:thin:@localhost:1521:orcl
dbName = tt
pwd = tt
------------------------
2017-09-02 16:25:16,396 [INFO ]  (DsFactory.java.<init>:51) - HikariCp
2017-09-02 16:25:16,396 [INFO ]  (DsFactory_HikariCp.java.getDataSource:40) - **	Read db.properties info ... 
2017-09-02 16:25:16,811 [INFO ]  (Oracle.java.getTables:152) - rs.getString(TABLE_NAME) = CLOB_TAB
2017-09-02 16:25:16,811 [INFO ]  (Oracle.java.getTables:152) - rs.getString(TABLE_NAME) = ORG_RESOURCE
2017-09-02 16:25:16,811 [INFO ]  (Oracle.java.getTables:152) - rs.getString(TABLE_NAME) = ORG_ROLE
2017-09-02 16:25:16,812 [INFO ]  (Oracle.java.getTables:152) - rs.getString(TABLE_NAME) = ORG_ROLE_RESOURCE_REL
2017-09-02 16:25:16,812 [INFO ]  (Oracle.java.getTables:152) - rs.getString(TABLE_NAME) = ORG_USER
2017-09-02 16:25:16,812 [INFO ]  (Oracle.java.getTables:152) - rs.getString(TABLE_NAME) = ORG_USER_ROLE_REL
2017-09-02 16:25:16,812 [INFO ]  (Oracle.java.getTables:152) - rs.getString(TABLE_NAME) = TEST01
2017-09-02 16:25:16,812 [INFO ]  (Oracle.java.getTables:152) - rs.getString(TABLE_NAME) = TEST02
2017-09-02 16:25:16,812 [INFO ]  (Oracle.java.getTables:152) - rs.getString(TABLE_NAME) = TEST08
2017-09-02 16:25:16,813 [INFO ]  (Oracle.java.getTables:152) - rs.getString(TABLE_NAME) = ZY
2017-09-02 16:25:16,831 [INFO ]  (Oracle.java.getTable:193) - tableName = OA_LEAVE1
2017-09-02 16:25:33,424 [INFO ]  (DsFactory.java.<init>:48) - db
2017-09-02 16:25:33,426 [INFO ]  (DsProperties.java.<init>:48) - conf/db/
2017-09-02 16:25:33,426 [INFO ]  (DsProperties.java.<init>:50) - conf/db/db
2017-09-02 16:25:33,427 [INFO ]  (DsProperties.java.<init>:56) - [配置文件读取] = conf/db/db.properties
2017-09-02 16:25:33,427 [INFO ]  (DsProperties.java.<init>:70) - 
------------------------
DataSourceName = HikariCp
------------------------
driverClassName = oracle.jdbc.driver.OracleDriver
jdbcUrl = jdbc:oracle:thin:@localhost:1521:orcl
dbName = tt
pwd = tt
------------------------
2017-09-02 16:25:33,427 [INFO ]  (DsFactory.java.<init>:51) - HikariCp
2017-09-02 16:25:33,428 [INFO ]  (DsFactory_HikariCp.java.getDataSource:40) - **	Read db.properties info ... 
2017-09-02 16:25:33,959 [INFO ]  (Oracle.java.getTable:193) - tableName = OA_LEAVE1
2017-09-02 16:39:45,326 [INFO ]  (DsFactory.java.<init>:48) - db
2017-09-02 16:39:45,329 [INFO ]  (DsProperties.java.<init>:48) - conf/db/
2017-09-02 16:39:45,329 [INFO ]  (DsProperties.java.<init>:50) - conf/db/db
2017-09-02 16:39:45,331 [INFO ]  (DsProperties.java.<init>:56) - [配置文件读取] = conf/db/db.properties
2017-09-02 16:39:45,331 [INFO ]  (DsProperties.java.<init>:70) - 
------------------------
DataSourceName = HikariCp
------------------------
driverClassName = oracle.jdbc.driver.OracleDriver
jdbcUrl = jdbc:oracle:thin:@localhost:1521:orcl
dbName = tt
pwd = tt
------------------------
2017-09-02 16:39:45,331 [INFO ]  (DsFactory.java.<init>:51) - HikariCp
2017-09-02 16:39:45,332 [INFO ]  (DsFactory_HikariCp.java.getDataSource:40) - **	Read db.properties info ... 
2017-09-02 16:39:45,885 [INFO ]  (Oracle.java.getTables:153) - rs.getString(TABLE_NAME) = CLOB_TAB
2017-09-02 16:39:45,886 [INFO ]  (Oracle.java.getTables:153) - rs.getString(TABLE_NAME) = ORG_RESOURCE
2017-09-02 16:39:45,886 [INFO ]  (Oracle.java.getTables:153) - rs.getString(TABLE_NAME) = ORG_ROLE
2017-09-02 16:39:45,886 [INFO ]  (Oracle.java.getTables:153) - rs.getString(TABLE_NAME) = ORG_ROLE_RESOURCE_REL
2017-09-02 16:39:45,886 [INFO ]  (Oracle.java.getTables:153) - rs.getString(TABLE_NAME) = ORG_USER
2017-09-02 16:39:45,886 [INFO ]  (Oracle.java.getTables:153) - rs.getString(TABLE_NAME) = ORG_USER_ROLE_REL
2017-09-02 16:39:45,886 [INFO ]  (Oracle.java.getTables:153) - rs.getString(TABLE_NAME) = TEST01
2017-09-02 16:39:45,886 [INFO ]  (Oracle.java.getTables:153) - rs.getString(TABLE_NAME) = TEST02
2017-09-02 16:39:45,887 [INFO ]  (Oracle.java.getTables:153) - rs.getString(TABLE_NAME) = TEST08
2017-09-02 16:39:45,888 [INFO ]  (Oracle.java.getTables:153) - rs.getString(TABLE_NAME) = ZY
2017-09-02 16:41:54,045 [INFO ]  (DsFactory.java.<init>:48) - db
2017-09-02 16:41:54,047 [INFO ]  (DsProperties.java.<init>:48) - conf/db/
2017-09-02 16:41:54,047 [INFO ]  (DsProperties.java.<init>:50) - conf/db/db
2017-09-02 16:41:54,049 [INFO ]  (DsProperties.java.<init>:56) - [配置文件读取] = conf/db/db.properties
2017-09-02 16:41:54,049 [INFO ]  (DsProperties.java.<init>:70) - 
------------------------
DataSourceName = HikariCp
------------------------
driverClassName = oracle.jdbc.driver.OracleDriver
jdbcUrl = jdbc:oracle:thin:@localhost:1521:orcl
dbName = tt
pwd = tt
------------------------
2017-09-02 16:41:54,049 [INFO ]  (DsFactory.java.<init>:51) - HikariCp
2017-09-02 16:41:54,049 [INFO ]  (DsFactory_HikariCp.java.getDataSource:40) - **	Read db.properties info ... 
2017-09-02 16:41:54,482 [INFO ]  (Oracle.java.getTables:153) - rs.getString(TABLE_NAME) = CLOB_TAB
2017-09-02 16:41:54,483 [INFO ]  (Oracle.java.getTables:153) - rs.getString(TABLE_NAME) = ORG_RESOURCE
2017-09-02 16:41:54,483 [INFO ]  (Oracle.java.getTables:153) - rs.getString(TABLE_NAME) = ORG_ROLE
2017-09-02 16:41:54,483 [INFO ]  (Oracle.java.getTables:153) - rs.getString(TABLE_NAME) = ORG_ROLE_RESOURCE_REL
2017-09-02 16:41:54,483 [INFO ]  (Oracle.java.getTables:153) - rs.getString(TABLE_NAME) = ORG_USER
2017-09-02 16:41:54,483 [INFO ]  (Oracle.java.getTables:153) - rs.getString(TABLE_NAME) = ORG_USER_ROLE_REL
2017-09-02 16:41:54,483 [INFO ]  (Oracle.java.getTables:153) - rs.getString(TABLE_NAME) = TEST01
2017-09-02 16:41:54,483 [INFO ]  (Oracle.java.getTables:153) - rs.getString(TABLE_NAME) = TEST02
2017-09-02 16:41:54,484 [INFO ]  (Oracle.java.getTables:153) - rs.getString(TABLE_NAME) = TEST08
2017-09-02 16:41:54,485 [INFO ]  (Oracle.java.getTables:153) - rs.getString(TABLE_NAME) = ZY
2017-09-02 16:42:13,809 [INFO ]  (DsFactory.java.<init>:48) - db
2017-09-02 16:42:13,811 [INFO ]  (DsProperties.java.<init>:48) - conf/db/
2017-09-02 16:42:13,812 [INFO ]  (DsProperties.java.<init>:50) - conf/db/db
2017-09-02 16:42:13,813 [INFO ]  (DsProperties.java.<init>:56) - [配置文件读取] = conf/db/db.properties
2017-09-02 16:42:13,814 [INFO ]  (DsProperties.java.<init>:70) - 
------------------------
DataSourceName = HikariCp
------------------------
driverClassName = oracle.jdbc.driver.OracleDriver
jdbcUrl = jdbc:oracle:thin:@localhost:1521:orcl
dbName = tt
pwd = tt
------------------------
2017-09-02 16:42:13,814 [INFO ]  (DsFactory.java.<init>:51) - HikariCp
2017-09-02 16:42:13,814 [INFO ]  (DsFactory_HikariCp.java.getDataSource:40) - **	Read db.properties info ... 
2017-09-02 16:42:14,199 [INFO ]  (Oracle.java.getTables:153) - rs.getString(TABLE_NAME) = CLOB_TAB
2017-09-02 16:42:14,199 [INFO ]  (Oracle.java.getTables:153) - rs.getString(TABLE_NAME) = ORG_RESOURCE
2017-09-02 16:42:14,200 [INFO ]  (Oracle.java.getTables:153) - rs.getString(TABLE_NAME) = ORG_ROLE
2017-09-02 16:42:14,201 [INFO ]  (Oracle.java.getTables:153) - rs.getString(TABLE_NAME) = ORG_ROLE_RESOURCE_REL
2017-09-02 16:42:14,201 [INFO ]  (Oracle.java.getTables:153) - rs.getString(TABLE_NAME) = ORG_USER
2017-09-02 16:42:14,201 [INFO ]  (Oracle.java.getTables:153) - rs.getString(TABLE_NAME) = ORG_USER_ROLE_REL
2017-09-02 16:42:14,201 [INFO ]  (Oracle.java.getTables:153) - rs.getString(TABLE_NAME) = TEST01
2017-09-02 16:42:14,201 [INFO ]  (Oracle.java.getTables:153) - rs.getString(TABLE_NAME) = TEST02
2017-09-02 16:42:14,201 [INFO ]  (Oracle.java.getTables:153) - rs.getString(TABLE_NAME) = TEST08
2017-09-02 16:42:14,202 [INFO ]  (Oracle.java.getTables:153) - rs.getString(TABLE_NAME) = ZY
2017-09-02 16:42:14,218 [INFO ]  (Oracle.java.getColumns:72) - Column [comment=null, defaultValue=null, digits=0, fieldName=null, javaType=null, name=ID, nullable=true, size=20, table=null, type=VARCHAR2]
2017-09-02 16:42:14,219 [INFO ]  (Oracle.java.getColumns:72) - Column [comment=null, defaultValue=null, digits=0, fieldName=null, javaType=null, name=NAME, nullable=true, size=20, table=null, type=VARCHAR2]
2017-09-02 16:42:14,219 [INFO ]  (Oracle.java.getColumns:72) - Column [comment=null, defaultValue=null, digits=0, fieldName=null, javaType=null, name=YX, nullable=true, size=100, table=null, type=NVARCHAR2]
2017-09-02 16:42:14,220 [INFO ]  (Oracle.java.getColumns:72) - Column [comment=null, defaultValue=null, digits=0, fieldName=null, javaType=null, name=NAME_BM, nullable=true, size=50, table=null, type=VARCHAR2]
2017-09-02 16:42:14,220 [INFO ]  (Oracle.java.getColumns:72) - Column [comment=null, defaultValue=null, digits=0, fieldName=null, javaType=null, name=NAME_LDM, nullable=true, size=20, table=null, type=VARCHAR2]
2017-09-02 16:42:14,221 [INFO ]  (Oracle.java.getColumns:72) - Column [comment=null, defaultValue=null, digits=0, fieldName=null, javaType=null, name=NAME_EMF, nullable=true, size=20, table=null, type=VARCHAR2]
2017-09-02 16:42:14,221 [INFO ]  (Oracle.java.getColumns:72) - Column [comment=null, defaultValue=null, digits=0, fieldName=null, javaType=null, name=NAME_MMZ, nullable=true, size=20, table=null, type=VARCHAR2]
2017-09-02 16:42:14,221 [INFO ]  (Oracle.java.getColumns:72) - Column [comment=null, defaultValue=null, digits=0, fieldName=null, javaType=null, name=DX, nullable=true, size=40, table=null, type=VARCHAR2]
2017-09-02 16:42:14,222 [INFO ]  (Oracle.java.getColumns:72) - Column [comment=null, defaultValue=null, digits=0, fieldName=null, javaType=null, name=SZHJ, nullable=true, size=200, table=null, type=VARCHAR2]
2017-09-02 16:42:14,222 [INFO ]  (Oracle.java.getColumns:72) - Column [comment=null, defaultValue=null, digits=0, fieldName=null, javaType=null, name=STXX, nullable=true, size=200, table=null, type=VARCHAR2]
2017-09-02 16:42:14,223 [INFO ]  (Oracle.java.getColumns:72) - Column [comment=null, defaultValue=null, digits=0, fieldName=null, javaType=null, name=TR, nullable=true, size=20, table=null, type=VARCHAR2]
2017-09-02 16:42:14,223 [INFO ]  (Oracle.java.getColumns:72) - Column [comment=null, defaultValue=null, digits=0, fieldName=null, javaType=null, name=HB, nullable=true, size=20, table=null, type=VARCHAR2]
2017-09-02 16:42:14,224 [INFO ]  (Oracle.java.getColumns:72) - Column [comment=null, defaultValue=null, digits=0, fieldName=null, javaType=null, name=HQ, nullable=true, size=20, table=null, type=VARCHAR2]
2017-09-02 16:42:14,224 [INFO ]  (Oracle.java.getColumns:72) - Column [comment=null, defaultValue=null, digits=0, fieldName=null, javaType=null, name=GQ, nullable=true, size=20, table=null, type=VARCHAR2]
2017-09-02 16:42:14,224 [INFO ]  (Oracle.java.getColumns:72) - Column [comment=null, defaultValue=null, digits=0, fieldName=null, javaType=null, name=CSQ, nullable=true, size=20, table=null, type=VARCHAR2]
2017-09-02 16:42:14,225 [INFO ]  (Oracle.java.getColumns:72) - Column [comment=null, defaultValue=null, digits=0, fieldName=null, javaType=null, name=RJ, nullable=true, size=100, table=null, type=VARCHAR2]
2017-09-02 16:42:14,225 [INFO ]  (Oracle.java.getColumns:72) - Column [comment=null, defaultValue=null, digits=0, fieldName=null, javaType=null, name=QW, nullable=true, size=50, table=null, type=VARCHAR2]
2017-09-02 16:42:14,225 [INFO ]  (Oracle.java.getColumns:72) - Column [comment=null, defaultValue=null, digits=0, fieldName=null, javaType=null, name=HXCF, nullable=true, size=500, table=null, type=VARCHAR2]
2017-09-02 16:42:14,226 [INFO ]  (Oracle.java.getColumns:72) - Column [comment=null, defaultValue=null, digits=0, fieldName=null, javaType=null, name=YCJB, nullable=true, size=1000, table=null, type=VARCHAR2]
2017-09-02 16:42:14,226 [INFO ]  (Oracle.java.getColumns:72) - Column [comment=null, defaultValue=null, digits=0, fieldName=null, javaType=null, name=YYBW, nullable=true, size=50, table=null, type=VARCHAR2]
2017-09-02 16:42:14,227 [INFO ]  (Oracle.java.getColumns:72) - Column [comment=null, defaultValue=null, digits=0, fieldName=null, javaType=null, name=YYJZ, nullable=true, size=1000, table=null, type=VARCHAR2]
2017-09-02 16:42:14,227 [INFO ]  (Oracle.java.getColumns:72) - Column [comment=null, defaultValue=null, digits=0, fieldName=null, javaType=null, name=REMARK, nullable=true, size=4000, table=null, type=CLOB]
2017-09-02 16:42:14,228 [INFO ]  (Oracle.java.getColumns:72) - Column [comment=null, defaultValue=null, digits=6, fieldName=null, javaType=null, name=TIME_STAR, nullable=true, size=11, table=null, type=TIMESTAMP(6) WITH LOCAL TIME ZONE]
2017-09-02 16:42:14,228 [INFO ]  (Oracle.java.getColumns:72) - Column [comment=null, defaultValue=null, digits=6, fieldName=null, javaType=null, name=TIME_CHANG, nullable=true, size=11, table=null, type=TIMESTAMP(6) WITH LOCAL TIME ZONE]
2017-09-02 16:44:44,966 [INFO ]  (DsFactory.java.<init>:48) - db
2017-09-02 16:44:44,969 [INFO ]  (DsProperties.java.<init>:48) - conf/db/
2017-09-02 16:44:44,969 [INFO ]  (DsProperties.java.<init>:50) - conf/db/db
2017-09-02 16:44:44,973 [INFO ]  (DsProperties.java.<init>:56) - [配置文件读取] = conf/db/db.properties
2017-09-02 16:44:44,974 [INFO ]  (DsProperties.java.<init>:70) - 
------------------------
DataSourceName = HikariCp
------------------------
driverClassName = oracle.jdbc.driver.OracleDriver
jdbcUrl = jdbc:oracle:thin:@localhost:1521:orcl
dbName = tt
pwd = tt
------------------------
2017-09-02 16:44:44,974 [INFO ]  (DsFactory.java.<init>:51) - HikariCp
2017-09-02 16:44:44,974 [INFO ]  (DsFactory_HikariCp.java.getDataSource:40) - **	Read db.properties info ... 
2017-09-02 16:44:45,400 [INFO ]  (Oracle.java.getTables:153) - rs.getString(TABLE_NAME) = CLOB_TAB
2017-09-02 16:44:45,401 [INFO ]  (Oracle.java.getTables:153) - rs.getString(TABLE_NAME) = ORG_RESOURCE
2017-09-02 16:44:45,401 [INFO ]  (Oracle.java.getTables:153) - rs.getString(TABLE_NAME) = ORG_ROLE
2017-09-02 16:44:45,401 [INFO ]  (Oracle.java.getTables:153) - rs.getString(TABLE_NAME) = ORG_ROLE_RESOURCE_REL
2017-09-02 16:44:45,401 [INFO ]  (Oracle.java.getTables:153) - rs.getString(TABLE_NAME) = ORG_USER
2017-09-02 16:44:45,401 [INFO ]  (Oracle.java.getTables:153) - rs.getString(TABLE_NAME) = ORG_USER_ROLE_REL
2017-09-02 16:44:45,401 [INFO ]  (Oracle.java.getTables:153) - rs.getString(TABLE_NAME) = TEST01
2017-09-02 16:44:45,401 [INFO ]  (Oracle.java.getTables:153) - rs.getString(TABLE_NAME) = TEST02
2017-09-02 16:44:45,401 [INFO ]  (Oracle.java.getTables:153) - rs.getString(TABLE_NAME) = TEST08
2017-09-02 16:44:45,403 [INFO ]  (Oracle.java.getTables:153) - rs.getString(TABLE_NAME) = ZY
2017-09-02 16:47:00,876 [INFO ]  (DsFactory.java.<init>:48) - db
2017-09-02 16:47:00,878 [INFO ]  (DsProperties.java.<init>:48) - conf/db/
2017-09-02 16:47:00,878 [INFO ]  (DsProperties.java.<init>:50) - conf/db/db
2017-09-02 16:47:00,880 [INFO ]  (DsProperties.java.<init>:56) - [配置文件读取] = conf/db/db.properties
2017-09-02 16:47:00,880 [INFO ]  (DsProperties.java.<init>:70) - 
------------------------
DataSourceName = HikariCp
------------------------
driverClassName = oracle.jdbc.driver.OracleDriver
jdbcUrl = jdbc:oracle:thin:@localhost:1521:orcl
dbName = tt
pwd = tt
------------------------
2017-09-02 16:47:00,880 [INFO ]  (DsFactory.java.<init>:51) - HikariCp
2017-09-02 16:47:00,881 [INFO ]  (DsFactory_HikariCp.java.getDataSource:40) - **	Read db.properties info ... 
2017-09-02 16:47:01,302 [INFO ]  (Oracle.java.getTables:153) - rs.getString(TABLE_NAME) = CLOB_TAB
2017-09-02 16:47:01,302 [INFO ]  (Oracle.java.getTables:153) - rs.getString(TABLE_NAME) = ORG_RESOURCE
2017-09-02 16:47:01,303 [INFO ]  (Oracle.java.getTables:153) - rs.getString(TABLE_NAME) = ORG_ROLE
2017-09-02 16:47:01,303 [INFO ]  (Oracle.java.getTables:153) - rs.getString(TABLE_NAME) = ORG_ROLE_RESOURCE_REL
2017-09-02 16:47:01,303 [INFO ]  (Oracle.java.getTables:153) - rs.getString(TABLE_NAME) = ORG_USER
2017-09-02 16:47:01,303 [INFO ]  (Oracle.java.getTables:153) - rs.getString(TABLE_NAME) = ORG_USER_ROLE_REL
2017-09-02 16:47:01,303 [INFO ]  (Oracle.java.getTables:153) - rs.getString(TABLE_NAME) = TEST01
2017-09-02 16:47:01,303 [INFO ]  (Oracle.java.getTables:153) - rs.getString(TABLE_NAME) = TEST02
2017-09-02 16:47:01,303 [INFO ]  (Oracle.java.getTables:153) - rs.getString(TABLE_NAME) = TEST08
2017-09-02 16:47:01,304 [INFO ]  (Oracle.java.getTables:153) - rs.getString(TABLE_NAME) = ZY
2017-09-02 16:48:38,637 [INFO ]  (DsFactory.java.<init>:48) - db
2017-09-02 16:48:38,639 [INFO ]  (DsProperties.java.<init>:48) - conf/db/
2017-09-02 16:48:38,639 [INFO ]  (DsProperties.java.<init>:50) - conf/db/db
2017-09-02 16:48:38,640 [INFO ]  (DsProperties.java.<init>:56) - [配置文件读取] = conf/db/db.properties
2017-09-02 16:48:38,641 [INFO ]  (DsProperties.java.<init>:70) - 
------------------------
DataSourceName = HikariCp
------------------------
driverClassName = oracle.jdbc.driver.OracleDriver
jdbcUrl = jdbc:oracle:thin:@localhost:1521:orcl
dbName = tt
pwd = tt
------------------------
2017-09-02 16:48:38,641 [INFO ]  (DsFactory.java.<init>:51) - HikariCp
2017-09-02 16:48:38,641 [INFO ]  (DsFactory_HikariCp.java.getDataSource:40) - **	Read db.properties info ... 
2017-09-02 16:48:49,673 [INFO ]  (DsFactory.java.<init>:48) - db
2017-09-02 16:48:49,676 [INFO ]  (DsProperties.java.<init>:48) - conf/db/
2017-09-02 16:48:49,676 [INFO ]  (DsProperties.java.<init>:50) - conf/db/db
2017-09-02 16:48:49,677 [INFO ]  (DsProperties.java.<init>:56) - [配置文件读取] = conf/db/db.properties
2017-09-02 16:48:49,677 [INFO ]  (DsProperties.java.<init>:70) - 
------------------------
DataSourceName = HikariCp
------------------------
driverClassName = oracle.jdbc.driver.OracleDriver
jdbcUrl = jdbc:oracle:thin:@localhost:1521:orcl
dbName = tt
pwd = tt
------------------------
2017-09-02 16:48:49,677 [INFO ]  (DsFactory.java.<init>:51) - HikariCp
2017-09-02 16:48:49,678 [INFO ]  (DsFactory_HikariCp.java.getDataSource:40) - **	Read db.properties info ... 
2017-09-02 16:48:50,220 [INFO ]  (Oracle.java.getColumns:72) - Column [comment=null, defaultValue=null, digits=0, fieldName=null, javaType=null, name=ID, nullable=true, size=20, table=null, type=VARCHAR2]
2017-09-02 16:48:50,221 [INFO ]  (Oracle.java.getColumns:72) - Column [comment=null, defaultValue=null, digits=0, fieldName=null, javaType=null, name=NAME, nullable=true, size=20, table=null, type=VARCHAR2]
2017-09-02 16:48:50,221 [INFO ]  (Oracle.java.getColumns:72) - Column [comment=null, defaultValue=null, digits=0, fieldName=null, javaType=null, name=YX, nullable=true, size=100, table=null, type=NVARCHAR2]
2017-09-02 16:48:50,222 [INFO ]  (Oracle.java.getColumns:72) - Column [comment=null, defaultValue=null, digits=0, fieldName=null, javaType=null, name=NAME_BM, nullable=true, size=50, table=null, type=VARCHAR2]
2017-09-02 16:48:50,223 [INFO ]  (Oracle.java.getColumns:72) - Column [comment=null, defaultValue=null, digits=0, fieldName=null, javaType=null, name=NAME_LDM, nullable=true, size=20, table=null, type=VARCHAR2]
2017-09-02 16:48:50,224 [INFO ]  (Oracle.java.getColumns:72) - Column [comment=null, defaultValue=null, digits=0, fieldName=null, javaType=null, name=NAME_EMF, nullable=true, size=20, table=null, type=VARCHAR2]
2017-09-02 16:48:50,227 [INFO ]  (Oracle.java.getColumns:72) - Column [comment=null, defaultValue=null, digits=0, fieldName=null, javaType=null, name=NAME_MMZ, nullable=true, size=20, table=null, type=VARCHAR2]
2017-09-02 16:48:50,229 [INFO ]  (Oracle.java.getColumns:72) - Column [comment=null, defaultValue=null, digits=0, fieldName=null, javaType=null, name=DX, nullable=true, size=40, table=null, type=VARCHAR2]
2017-09-02 16:48:50,230 [INFO ]  (Oracle.java.getColumns:72) - Column [comment=null, defaultValue=null, digits=0, fieldName=null, javaType=null, name=SZHJ, nullable=true, size=200, table=null, type=VARCHAR2]
2017-09-02 16:48:50,233 [INFO ]  (Oracle.java.getColumns:72) - Column [comment=null, defaultValue=null, digits=0, fieldName=null, javaType=null, name=STXX, nullable=true, size=200, table=null, type=VARCHAR2]
2017-09-02 16:48:50,235 [INFO ]  (Oracle.java.getColumns:72) - Column [comment=null, defaultValue=null, digits=0, fieldName=null, javaType=null, name=TR, nullable=true, size=20, table=null, type=VARCHAR2]
2017-09-02 16:48:50,235 [INFO ]  (Oracle.java.getColumns:72) - Column [comment=null, defaultValue=null, digits=0, fieldName=null, javaType=null, name=HB, nullable=true, size=20, table=null, type=VARCHAR2]
2017-09-02 16:48:50,236 [INFO ]  (Oracle.java.getColumns:72) - Column [comment=null, defaultValue=null, digits=0, fieldName=null, javaType=null, name=HQ, nullable=true, size=20, table=null, type=VARCHAR2]
2017-09-02 16:48:50,236 [INFO ]  (Oracle.java.getColumns:72) - Column [comment=null, defaultValue=null, digits=0, fieldName=null, javaType=null, name=GQ, nullable=true, size=20, table=null, type=VARCHAR2]
2017-09-02 16:48:50,237 [INFO ]  (Oracle.java.getColumns:72) - Column [comment=null, defaultValue=null, digits=0, fieldName=null, javaType=null, name=CSQ, nullable=true, size=20, table=null, type=VARCHAR2]
2017-09-02 16:48:50,239 [INFO ]  (Oracle.java.getColumns:72) - Column [comment=null, defaultValue=null, digits=0, fieldName=null, javaType=null, name=RJ, nullable=true, size=100, table=null, type=VARCHAR2]
2017-09-02 16:48:50,240 [INFO ]  (Oracle.java.getColumns:72) - Column [comment=null, defaultValue=null, digits=0, fieldName=null, javaType=null, name=QW, nullable=true, size=50, table=null, type=VARCHAR2]
2017-09-02 16:48:50,240 [INFO ]  (Oracle.java.getColumns:72) - Column [comment=null, defaultValue=null, digits=0, fieldName=null, javaType=null, name=HXCF, nullable=true, size=500, table=null, type=VARCHAR2]
2017-09-02 16:48:50,241 [INFO ]  (Oracle.java.getColumns:72) - Column [comment=null, defaultValue=null, digits=0, fieldName=null, javaType=null, name=YCJB, nullable=true, size=1000, table=null, type=VARCHAR2]
2017-09-02 16:48:50,241 [INFO ]  (Oracle.java.getColumns:72) - Column [comment=null, defaultValue=null, digits=0, fieldName=null, javaType=null, name=YYBW, nullable=true, size=50, table=null, type=VARCHAR2]
2017-09-02 16:48:50,242 [INFO ]  (Oracle.java.getColumns:72) - Column [comment=null, defaultValue=null, digits=0, fieldName=null, javaType=null, name=YYJZ, nullable=true, size=1000, table=null, type=VARCHAR2]
2017-09-02 16:48:50,243 [INFO ]  (Oracle.java.getColumns:72) - Column [comment=null, defaultValue=null, digits=0, fieldName=null, javaType=null, name=REMARK, nullable=true, size=4000, table=null, type=CLOB]
2017-09-02 16:48:50,243 [INFO ]  (Oracle.java.getColumns:72) - Column [comment=null, defaultValue=null, digits=6, fieldName=null, javaType=null, name=TIME_STAR, nullable=true, size=11, table=null, type=TIMESTAMP(6) WITH LOCAL TIME ZONE]
2017-09-02 16:48:50,244 [INFO ]  (Oracle.java.getColumns:72) - Column [comment=null, defaultValue=null, digits=6, fieldName=null, javaType=null, name=TIME_CHANG, nullable=true, size=11, table=null, type=TIMESTAMP(6) WITH LOCAL TIME ZONE]
2017-09-02 17:18:58,583 [INFO ]  (DsFactory.java.<init>:48) - db
2017-09-02 17:18:58,585 [INFO ]  (DsProperties.java.<init>:48) - conf/db/
2017-09-02 17:18:58,585 [INFO ]  (DsProperties.java.<init>:50) - conf/db/db
2017-09-02 17:18:58,586 [INFO ]  (DsProperties.java.<init>:56) - [配置文件读取] = conf/db/db.properties
2017-09-02 17:18:58,586 [INFO ]  (DsProperties.java.<init>:70) - 
------------------------
DataSourceName = HikariCp
------------------------
driverClassName = oracle.jdbc.driver.OracleDriver
jdbcUrl = jdbc:oracle:thin:@localhost:1521:orcl
dbName = tt
pwd = tt
------------------------
2017-09-02 17:18:58,587 [INFO ]  (DsFactory.java.<init>:51) - HikariCp
2017-09-02 17:18:58,587 [INFO ]  (DsFactory_HikariCp.java.getDataSource:40) - **	Read db.properties info ... 
2017-09-02 17:18:58,978 [INFO ]  (Oracle.java.getColumns:72) - Column [comment=null, defaultValue=null, digits=0, fieldName=null, javaType=null, name=ID, nullable=true, size=20, table=null, type=VARCHAR2]
2017-09-02 17:18:58,979 [INFO ]  (Oracle.java.getColumns:72) - Column [comment=null, defaultValue=null, digits=0, fieldName=null, javaType=null, name=NAME, nullable=true, size=20, table=null, type=VARCHAR2]
2017-09-02 17:18:58,979 [INFO ]  (Oracle.java.getColumns:72) - Column [comment=null, defaultValue=null, digits=0, fieldName=null, javaType=null, name=YX, nullable=true, size=100, table=null, type=NVARCHAR2]
2017-09-02 17:18:58,980 [INFO ]  (Oracle.java.getColumns:72) - Column [comment=null, defaultValue=null, digits=0, fieldName=null, javaType=null, name=NAME_BM, nullable=true, size=50, table=null, type=VARCHAR2]
2017-09-02 17:18:58,981 [INFO ]  (Oracle.java.getColumns:72) - Column [comment=null, defaultValue=null, digits=0, fieldName=null, javaType=null, name=NAME_LDM, nullable=true, size=20, table=null, type=VARCHAR2]
2017-09-02 17:18:58,981 [INFO ]  (Oracle.java.getColumns:72) - Column [comment=null, defaultValue=null, digits=0, fieldName=null, javaType=null, name=NAME_EMF, nullable=true, size=20, table=null, type=VARCHAR2]
2017-09-02 17:18:58,984 [INFO ]  (Oracle.java.getColumns:72) - Column [comment=null, defaultValue=null, digits=0, fieldName=null, javaType=null, name=NAME_MMZ, nullable=true, size=20, table=null, type=VARCHAR2]
2017-09-02 17:18:58,985 [INFO ]  (Oracle.java.getColumns:72) - Column [comment=null, defaultValue=null, digits=0, fieldName=null, javaType=null, name=DX, nullable=true, size=40, table=null, type=VARCHAR2]
2017-09-02 17:18:58,986 [INFO ]  (Oracle.java.getColumns:72) - Column [comment=null, defaultValue=null, digits=0, fieldName=null, javaType=null, name=SZHJ, nullable=true, size=200, table=null, type=VARCHAR2]
2017-09-02 17:18:58,993 [INFO ]  (Oracle.java.getColumns:72) - Column [comment=null, defaultValue=null, digits=0, fieldName=null, javaType=null, name=STXX, nullable=true, size=200, table=null, type=VARCHAR2]
2017-09-02 17:18:58,994 [INFO ]  (Oracle.java.getColumns:72) - Column [comment=null, defaultValue=null, digits=0, fieldName=null, javaType=null, name=TR, nullable=true, size=20, table=null, type=VARCHAR2]
2017-09-02 17:18:58,994 [INFO ]  (Oracle.java.getColumns:72) - Column [comment=null, defaultValue=null, digits=0, fieldName=null, javaType=null, name=HB, nullable=true, size=20, table=null, type=VARCHAR2]
2017-09-02 17:18:58,995 [INFO ]  (Oracle.java.getColumns:72) - Column [comment=null, defaultValue=null, digits=0, fieldName=null, javaType=null, name=HQ, nullable=true, size=20, table=null, type=VARCHAR2]
2017-09-02 17:18:58,995 [INFO ]  (Oracle.java.getColumns:72) - Column [comment=null, defaultValue=null, digits=0, fieldName=null, javaType=null, name=GQ, nullable=true, size=20, table=null, type=VARCHAR2]
2017-09-02 17:18:58,996 [INFO ]  (Oracle.java.getColumns:72) - Column [comment=null, defaultValue=null, digits=0, fieldName=null, javaType=null, name=CSQ, nullable=true, size=20, table=null, type=VARCHAR2]
2017-09-02 17:18:58,998 [INFO ]  (Oracle.java.getColumns:72) - Column [comment=null, defaultValue=null, digits=0, fieldName=null, javaType=null, name=RJ, nullable=true, size=100, table=null, type=VARCHAR2]
2017-09-02 17:18:58,998 [INFO ]  (Oracle.java.getColumns:72) - Column [comment=null, defaultValue=null, digits=0, fieldName=null, javaType=null, name=QW, nullable=true, size=50, table=null, type=VARCHAR2]
2017-09-02 17:18:58,999 [INFO ]  (Oracle.java.getColumns:72) - Column [comment=null, defaultValue=null, digits=0, fieldName=null, javaType=null, name=HXCF, nullable=true, size=500, table=null, type=VARCHAR2]
2017-09-02 17:18:59,001 [INFO ]  (Oracle.java.getColumns:72) - Column [comment=null, defaultValue=null, digits=0, fieldName=null, javaType=null, name=YCJB, nullable=true, size=1000, table=null, type=VARCHAR2]
2017-09-02 17:18:59,002 [INFO ]  (Oracle.java.getColumns:72) - Column [comment=null, defaultValue=null, digits=0, fieldName=null, javaType=null, name=YYBW, nullable=true, size=50, table=null, type=VARCHAR2]
2017-09-02 17:18:59,003 [INFO ]  (Oracle.java.getColumns:72) - Column [comment=null, defaultValue=null, digits=0, fieldName=null, javaType=null, name=YYJZ, nullable=true, size=1000, table=null, type=VARCHAR2]
2017-09-02 17:18:59,004 [INFO ]  (Oracle.java.getColumns:72) - Column [comment=null, defaultValue=null, digits=0, fieldName=null, javaType=null, name=REMARK, nullable=true, size=4000, table=null, type=CLOB]
2017-09-02 17:18:59,005 [INFO ]  (Oracle.java.getColumns:72) - Column [comment=null, defaultValue=null, digits=6, fieldName=null, javaType=null, name=TIME_STAR, nullable=true, size=11, table=null, type=TIMESTAMP(6) WITH LOCAL TIME ZONE]
2017-09-02 17:18:59,005 [INFO ]  (Oracle.java.getColumns:72) - Column [comment=null, defaultValue=null, digits=6, fieldName=null, javaType=null, name=TIME_CHANG, nullable=true, size=11, table=null, type=TIMESTAMP(6) WITH LOCAL TIME ZONE]
2017-09-02 21:25:16,756 [INFO ]  (DsFactory.java.<init>:78) - db
2017-09-02 21:25:16,766 [INFO ]  (DsProperties.java.<init>:48) - conf/db/
2017-09-02 21:25:16,766 [INFO ]  (DsProperties.java.<init>:50) - conf/db/db
2017-09-02 21:25:16,768 [INFO ]  (DsProperties.java.<init>:56) - [配置文件读取] = conf/db/db.properties
2017-09-02 21:25:16,769 [INFO ]  (DsProperties.java.<init>:70) - 
------------------------
DataSourceName = HikariCp
------------------------
driverClassName = oracle.jdbc.driver.OracleDriver
jdbcUrl = jdbc:oracle:thin:@localhost:1521:orcl
dbName = tt
pwd = tt
------------------------
2017-09-02 21:25:16,770 [INFO ]  (DsFactory_HikariCp.java.getDataSource:40) - **	Read db.properties info ... 
2017-09-02 21:30:35,124 [INFO ]  (DsFactory.java.<init>:78) - db
2017-09-02 21:30:35,126 [INFO ]  (DsProperties.java.<init>:48) - conf/db/
2017-09-02 21:30:35,126 [INFO ]  (DsProperties.java.<init>:50) - conf/db/db
2017-09-02 21:30:35,127 [INFO ]  (DsProperties.java.<init>:56) - [配置文件读取] = conf/db/db.properties
2017-09-02 21:30:35,128 [INFO ]  (DsProperties.java.<init>:70) - 
------------------------
DataSourceName = HikariCp
------------------------
driverClassName = oracle.jdbc.driver.OracleDriver
jdbcUrl = jdbc:oracle:thin:@localhost:1521:orcl
dbName = tt
pwd = tt
------------------------
2017-09-02 21:30:35,128 [INFO ]  (DsFactory_HikariCp.java.getDataSource:40) - **	Read db.properties info ... 
2017-09-02 21:31:16,768 [INFO ]  (DsFactory.java.<init>:78) - db
2017-09-02 21:31:16,771 [INFO ]  (DsProperties.java.<init>:48) - conf/db/
2017-09-02 21:31:16,771 [INFO ]  (DsProperties.java.<init>:50) - conf/db/db
2017-09-02 21:31:16,773 [INFO ]  (DsProperties.java.<init>:56) - [配置文件读取] = conf/db/db.properties
2017-09-02 21:31:16,773 [INFO ]  (DsProperties.java.<init>:70) - 
------------------------
DataSourceName = HikariCp
------------------------
driverClassName = oracle.jdbc.driver.OracleDriver
jdbcUrl = jdbc:oracle:thin:@localhost:1521:orcl
dbName = tt
pwd = tt
------------------------
2017-09-02 21:31:16,773 [INFO ]  (DsFactory_HikariCp.java.getDataSource:40) - **	Read db.properties info ... 
2017-09-02 21:33:09,700 [INFO ]  (DsFactory.java.<init>:78) - db_act
2017-09-02 21:33:09,703 [INFO ]  (DsProperties.java.<init>:48) - conf/db/
2017-09-02 21:33:09,703 [INFO ]  (DsProperties.java.<init>:50) - conf/db/db_act
2017-09-02 21:33:09,706 [INFO ]  (DsProperties.java.<init>:56) - [配置文件读取] = conf/db/db_act.properties
2017-09-02 21:33:09,707 [INFO ]  (DsProperties.java.<init>:70) - 
------------------------
DataSourceName = 
------------------------
driverClassName = null
jdbcUrl = null
dbName = null
pwd = null
------------------------
2017-09-02 21:34:33,651 [INFO ]  (DsFactory.java.<init>:78) - db_act
2017-09-02 21:34:33,656 [INFO ]  (DsProperties.java.<init>:48) - conf/db/
2017-09-02 21:34:33,656 [INFO ]  (DsProperties.java.<init>:50) - conf/db/db_act
2017-09-02 21:34:33,658 [INFO ]  (DsProperties.java.<init>:56) - [配置文件读取] = conf/db/db_act.properties
2017-09-02 21:34:33,659 [INFO ]  (DsProperties.java.<init>:74) - 
------------------------
DataSourceName = 
------------------------
driverClassName = oracle.jdbc.driver.OracleDriver
jdbcUrl = jdbc:oracle:thin:@localhost:1521:orcl
dbName = act
pwd = act
------------------------
2017-09-02 22:16:37,634 [INFO ]  (DsFactory.java.<init>:78) - db_act
2017-09-02 22:16:37,637 [INFO ]  (DsProperties.java.<init>:48) - conf/db/
2017-09-02 22:16:37,637 [INFO ]  (DsProperties.java.<init>:50) - conf/db/db_act
2017-09-02 22:16:37,639 [INFO ]  (DsProperties.java.<init>:56) - [配置文件读取] = conf/db/db_act.properties
2017-09-02 22:16:37,640 [INFO ]  (DsProperties.java.<init>:74) - 
------------------------
DataSourceName = 
------------------------
driverClassName = oracle.jdbc.driver.OracleDriver
jdbcUrl = jdbc:oracle:thin:@localhost:1521:orcl
dbName = act
pwd = act
------------------------
2017-09-02 22:17:18,242 [INFO ]  (DsFactory.java.<init>:78) - db_act
2017-09-02 22:17:18,282 [INFO ]  (DsProperties.java.<init>:48) - conf/db/
2017-09-02 22:17:18,285 [INFO ]  (DsProperties.java.<init>:50) - conf/db/db_act
2017-09-02 22:17:18,366 [INFO ]  (DsProperties.java.<init>:56) - [配置文件读取] = conf/db/db_act.properties
2017-09-02 22:17:18,374 [INFO ]  (DsProperties.java.<init>:74) - 
------------------------
DataSourceName = 
------------------------
driverClassName = oracle.jdbc.driver.OracleDriver
jdbcUrl = jdbc:oracle:thin:@localhost:1521:orcl
dbName = act
pwd = act
------------------------
2017-09-02 22:36:45,664 [INFO ]  (DsFactory.java.<init>:78) - db_act
2017-09-02 22:36:45,666 [INFO ]  (DsProperties.java.<init>:48) - conf/db/
2017-09-02 22:36:45,667 [INFO ]  (DsProperties.java.<init>:50) - conf/db/db_act
2017-09-02 22:36:45,669 [INFO ]  (DsProperties.java.<init>:56) - [配置文件读取] = conf/db/db_act.properties
2017-09-02 22:36:45,669 [INFO ]  (DsProperties.java.<init>:74) - 
------------------------
DataSourceName = 
------------------------
driverClassName = oracle.jdbc.driver.OracleDriver
jdbcUrl = jdbc:oracle:thin:@localhost:1521:orcl
dbName = act
pwd = act
------------------------
